android/lyrazohoandroid/proguard-rules.pro
-keep class com.lyracore.zoho.chat.models.** { *; }
-keep class com.lyracore.zoho.chat.interfaces.** { *; }
-keep class com.lyracore.zoho.core.models.** { *; }
-keep class com.lyracore.zoho.core.interfaces.** { *; }
-keep class com.lyracore.zoho.department.models.** { *; }