android/lyrazohoandroid/build/outputs/mapping/release/seeds.txt
com.lyracore.zoho.chat.models.ChatAdditionalInformation
com.lyracore.zoho.core.models.Translation
com.lyracore.zoho.R
com.lyracore.zoho.core.models.enums.ExceptionLocation
com.lyracore.zoho.core.models.ZohoConfig
com.lyracore.zoho.chat.interfaces.DepartmentCallback
com.lyracore.zoho.core.models.Translation$$serializer
com.lyracore.zoho.chat.interfaces.ZohoChatListener$DefaultImpls
com.lyracore.zoho.chat.interfaces.ZohoChatListener
com.lyracore.zoho.core.models.Translation$Companion
com.lyracore.zoho.core.models.enums.ErrorLocation
com.lyracore.zoho.core.interfaces.ExceptionHandlingCallback
com.lyracore.zoho.department.models.Department$$serializer
com.lyracore.zoho.chat.models.enums.ChatEventType
com.lyracore.zoho.core.models.ErrorEvent
com.lyracore.zoho.chat.models.ChatEvent
com.lyracore.zoho.department.models.Department
com.lyracore.zoho.department.models.Department$Companion
com.lyracore.zoho.core.models.ExceptionEvent
com.lyracore.zoho.chat.models.VisitorChatData
com.lyracore.zoho.core.models.LyraConfig
com.lyracore.zoho.chat.models.Department
com.lyracore.zoho.chat.models.VisitorChatData: java.lang.String feedback
com.lyracore.zoho.core.models.ErrorEvent: com.lyracore.zoho.core.models.enums.ErrorLocation errorLocation
com.lyracore.zoho.chat.models.VisitorChatData: java.lang.String question
com.lyracore.zoho.chat.models.VisitorChatData: java.lang.String chatStatus
com.lyracore.zoho.chat.models.enums.ChatEventType: kotlin.enums.EnumEntries $ENTRIES
com.lyracore.zoho.chat.models.enums.ChatEventType: com.lyracore.zoho.chat.models.enums.ChatEventType CHAT_VIEW_CLOSE
com.lyracore.zoho.core.models.enums.ExceptionLocation: com.lyracore.zoho.core.models.enums.ExceptionLocation NOTIFICATION_HANDLE_NOTIFICATION
com.lyracore.zoho.core.models.enums.ExceptionLocation: com.lyracore.zoho.core.models.enums.ExceptionLocation CHAT_SET_PAGE_TITLE
com.lyracore.zoho.department.models.Department$$serializer: com.lyracore.zoho.department.models.Department$$serializer INSTANCE
com.lyracore.zoho.chat.models.enums.ChatEventType: com.lyracore.zoho.chat.models.enums.ChatEventType CHAT_VIEW_OPEN
com.lyracore.zoho.chat.models.enums.ChatEventType: com.lyracore.zoho.chat.models.enums.ChatEventType CHAT_CLOSED
com.lyracore.zoho.core.models.ExceptionEvent: java.lang.Exception exception
com.lyracore.zoho.chat.models.VisitorChatData: boolean isBotAttender
com.lyracore.zoho.department.models.Department: boolean default
com.lyracore.zoho.chat.models.ChatAdditionalInformation: java.lang.String companyName
com.lyracore.zoho.chat.models.VisitorChatData: java.lang.String attenderName
com.lyracore.zoho.chat.models.VisitorChatData: java.lang.String rating
com.lyracore.zoho.core.models.enums.ExceptionLocation: com.lyracore.zoho.core.models.enums.ExceptionLocation DEPARTMENT_GET_BY_COUNTRY
com.lyracore.zoho.core.models.enums.ExceptionLocation: com.lyracore.zoho.core.models.enums.ExceptionLocation CHAT_START_LISTENERS
com.lyracore.zoho.core.models.enums.ExceptionLocation: com.lyracore.zoho.core.models.enums.ExceptionLocation DEPARTMENT_GET_ALL
com.lyracore.zoho.chat.models.ChatEvent: com.lyracore.zoho.chat.models.enums.ChatEventType type
com.lyracore.zoho.core.models.LyraConfig: java.lang.String baseUrl
com.lyracore.zoho.core.models.LyraConfig: long timeoutMs
com.lyracore.zoho.core.models.enums.ExceptionLocation: com.lyracore.zoho.core.models.enums.ExceptionLocation CHAT_GET_DEPARTMENTS
com.lyracore.zoho.core.models.enums.ErrorLocation: com.lyracore.zoho.core.models.enums.ErrorLocation CHAT_SHOW_ZOHO_LAUNCHER
com.lyracore.zoho.chat.models.enums.ChatEventType: com.lyracore.zoho.chat.models.enums.ChatEventType RATING
com.lyracore.zoho.core.models.enums.ExceptionLocation: com.lyracore.zoho.core.models.enums.ExceptionLocation DEPARTMENT_GET_DEFAULT