android/lyrazohoandroid/build/outputs/mapping/release/mapping.txt
# compiler: R8
# compiler_version: 8.13.6
# common_typos_disable
# {"id":"com.android.tools.r8.mapping","version":"2.2"}
# pg_map_id: 10633cf34c05b021e111ca88aaa8346562dc9a3b741c3e19065bd1dfb64b41de
# pg_map_hash: SHA-256 10633cf34c05b021e111ca88aaa8346562dc9a3b741c3e19065bd1dfb64b41de
com.lyracore.zoho.chat.interfaces.DepartmentCallback -> com.lyracore.zoho.chat.interfaces.DepartmentCallback:
# {"id":"sourceFile","fileName":"DepartmentCallback.kt"}
com.lyracore.zoho.chat.interfaces.ZohoChatListener -> com.lyracore.zoho.chat.interfaces.ZohoChatListener:
# {"id":"sourceFile","fileName":"ZohoChatListener.kt"}
    1:1:void access$onChatAttended$jd(com.lyracore.zoho.chat.interfaces.ZohoChatListener,com.lyracore.zoho.chat.models.ChatEvent):6:6 -> access$onChatAttended$jd
    1:1:void access$onChatClosed$jd(com.lyracore.zoho.chat.interfaces.ZohoChatListener,com.lyracore.zoho.chat.models.ChatEvent):6:6 -> access$onChatClosed$jd
    1:1:void access$onChatMissed$jd(com.lyracore.zoho.chat.interfaces.ZohoChatListener,com.lyracore.zoho.chat.models.ChatEvent):6:6 -> access$onChatMissed$jd
    1:1:void access$onChatOpened$jd(com.lyracore.zoho.chat.interfaces.ZohoChatListener,com.lyracore.zoho.chat.models.ChatEvent):6:6 -> access$onChatOpened$jd
    1:1:void access$onChatReOpened$jd(com.lyracore.zoho.chat.interfaces.ZohoChatListener,com.lyracore.zoho.chat.models.ChatEvent):6:6 -> access$onChatReOpened$jd
    1:1:void access$onChatViewClose$jd(com.lyracore.zoho.chat.interfaces.ZohoChatListener,java.lang.String):6:6 -> access$onChatViewClose$jd
    1:1:void access$onChatViewOpen$jd(com.lyracore.zoho.chat.interfaces.ZohoChatListener,java.lang.String):6:6 -> access$onChatViewOpen$jd
    1:1:void access$onFeedback$jd(com.lyracore.zoho.chat.interfaces.ZohoChatListener,com.lyracore.zoho.chat.models.ChatEvent):6:6 -> access$onFeedback$jd
com.lyracore.zoho.chat.interfaces.ZohoChatListener$DefaultImpls -> com.lyracore.zoho.chat.interfaces.ZohoChatListener$DefaultImpls:
# {"id":"sourceFile","fileName":"ZohoChatListener.kt"}
    1:1:void onChatAttended(com.lyracore.zoho.chat.interfaces.ZohoChatListener,com.lyracore.zoho.chat.models.ChatEvent):11:11 -> onChatAttended
    1:1:void onChatClosed(com.lyracore.zoho.chat.interfaces.ZohoChatListener,com.lyracore.zoho.chat.models.ChatEvent):10:10 -> onChatClosed
    1:1:void onChatMissed(com.lyracore.zoho.chat.interfaces.ZohoChatListener,com.lyracore.zoho.chat.models.ChatEvent):12:12 -> onChatMissed
    1:1:void onChatOpened(com.lyracore.zoho.chat.interfaces.ZohoChatListener,com.lyracore.zoho.chat.models.ChatEvent):9:9 -> onChatOpened
    1:1:void onChatReOpened(com.lyracore.zoho.chat.interfaces.ZohoChatListener,com.lyracore.zoho.chat.models.ChatEvent):13:13 -> onChatReOpened
    1:1:void onChatViewClose(com.lyracore.zoho.chat.interfaces.ZohoChatListener,java.lang.String):8:8 -> onChatViewClose
    1:1:void onChatViewOpen(com.lyracore.zoho.chat.interfaces.ZohoChatListener,java.lang.String):7:7 -> onChatViewOpen
    1:1:void onFeedback(com.lyracore.zoho.chat.interfaces.ZohoChatListener,com.lyracore.zoho.chat.models.ChatEvent):15:15 -> onFeedback
    1:1:void onQueuePositionChange(com.lyracore.zoho.chat.interfaces.ZohoChatListener,com.lyracore.zoho.chat.models.ChatEvent):16:16 -> onQueuePositionChange
com.lyracore.zoho.chat.models.ChatAdditionalInformation -> com.lyracore.zoho.chat.models.ChatAdditionalInformation:
# {"id":"sourceFile","fileName":"ChatAdditionalInformation.kt"}
    1:1:void <init>(java.lang.String,java.lang.String):3:3 -> <init>
    1:1:java.lang.String getCompanyName():3:3 -> getCompanyName
    1:1:java.lang.String getPrimaryNeed():3:3 -> getPrimaryNeed