android/lyrazohoandroid/build/outputs/mapping/release/usage.txt
com.lyracore.zoho.LyraZoho
com.lyracore.zoho.chat.ChatClient$endChat$1
com.lyracore.zoho.chat.ChatClient$open$1$1
com.lyracore.zoho.chat.ChatClient$showZohoLauncher$1
com.lyracore.zoho.chat.ChatClient$startListeners$1
com.lyracore.zoho.chat.ChatClient
com.lyracore.zoho.core.CoreInitializer$initializeZoho$1
com.lyracore.zoho.core.CoreInitializer
com.lyracore.zoho.department.DepartmentClient
com.lyracore.zoho.notification.NotificationClient
com.lyracore.zoho.settings.SettingsManager$Settings
com.lyracore.zoho.settings.SettingsManager